\BOOKMARK [1][-]{section.1}{General Considerations}{}% 1
\BOOKMARK [1][-]{section.2}{Analysis Metrics}{}% 2
\BOOKMARK [2][-]{subsection.2.1}{Coupling}{section.2}% 3
\BOOKMARK [3][-]{subsubsection.2.1.1}{Data Coupling}{subsection.2.1}% 4
\BOOKMARK [3][-]{subsubsection.2.1.2}{Control Coupling}{subsection.2.1}% 5
\BOOKMARK [2][-]{subsection.2.2}{Miller's Law}{section.2}% 6
\BOOKMARK [2][-]{subsection.2.3}{Graciunas's Law}{section.2}% 7
\BOOKMARK [2][-]{subsection.2.4}{Factoring}{section.2}% 8
\BOOKMARK [2][-]{subsection.2.5}{Scope of Control}{section.2}% 9
\BOOKMARK [2][-]{subsection.2.6}{Black Boxes}{section.2}% 10
\BOOKMARK [2][-]{subsection.2.7}{Fan In/Out}{section.2}% 11
\BOOKMARK [1][-]{section.3}{Analysis}{}% 12
\BOOKMARK [2][-]{subsection.3.1}{Coupling}{section.3}% 13
\BOOKMARK [2][-]{subsection.3.2}{Miller's Law}{section.3}% 14
\BOOKMARK [2][-]{subsection.3.3}{Graciunas's Law}{section.3}% 15
\BOOKMARK [2][-]{subsection.3.4}{Factoring}{section.3}% 16
\BOOKMARK [2][-]{subsection.3.5}{Scope of Control}{section.3}% 17
\BOOKMARK [2][-]{subsection.3.6}{Black Boxes}{section.3}% 18
\BOOKMARK [2][-]{subsection.3.7}{Fan In/Out}{section.3}% 19
\BOOKMARK [1][-]{section.4}{Conclusion}{}% 20
