\BOOKMARK [1][-]{section.1}{Introduction}{}% 1
\BOOKMARK [2][-]{subsection.1.1}{Purpose}{section.1}% 2
\BOOKMARK [2][-]{subsection.1.2}{Document Conventions}{section.1}% 3
\BOOKMARK [2][-]{subsection.1.3}{Intended Audience and Reading Suggestions}{section.1}% 4
\BOOKMARK [2][-]{subsection.1.4}{Product Scope}{section.1}% 5
\BOOKMARK [2][-]{subsection.1.5}{References}{section.1}% 6
\BOOKMARK [1][-]{section.2}{Overall Description}{}% 7
\BOOKMARK [2][-]{subsection.2.1}{Product Perspective}{section.2}% 8
\BOOKMARK [2][-]{subsection.2.2}{Product Functions}{section.2}% 9
\BOOKMARK [2][-]{subsection.2.3}{User Classes and Characteristics}{section.2}% 10
\BOOKMARK [2][-]{subsection.2.4}{Operating Environment}{section.2}% 11
\BOOKMARK [2][-]{subsection.2.5}{Design and Implementation Constraints}{section.2}% 12
\BOOKMARK [2][-]{subsection.2.6}{User Documentation}{section.2}% 13
\BOOKMARK [2][-]{subsection.2.7}{Assumptions and Dependencies}{section.2}% 14
\BOOKMARK [1][-]{section.3}{External Interface Requirements}{}% 15
\BOOKMARK [2][-]{subsection.3.1}{User Interfaces}{section.3}% 16
\BOOKMARK [2][-]{subsection.3.2}{Hardware Interfaces}{section.3}% 17
\BOOKMARK [2][-]{subsection.3.3}{Communication Interfaces}{section.3}% 18
\BOOKMARK [1][-]{section.4}{System Features}{}% 19
\BOOKMARK [2][-]{subsection.4.1}{Video}{section.4}% 20
\BOOKMARK [3][-]{subsubsection.4.1.1}{Description and Priority}{subsection.4.1}% 21
\BOOKMARK [3][-]{subsubsection.4.1.2}{Stimulus/Response Sequences}{subsection.4.1}% 22
\BOOKMARK [3][-]{subsubsection.4.1.3}{Functional Requirements}{subsection.4.1}% 23
\BOOKMARK [2][-]{subsection.4.2}{Audio}{section.4}% 24
\BOOKMARK [3][-]{subsubsection.4.2.1}{Description and Priority}{subsection.4.2}% 25
\BOOKMARK [3][-]{subsubsection.4.2.2}{Stimulus/Response Sequences}{subsection.4.2}% 26
\BOOKMARK [3][-]{subsubsection.4.2.3}{Functional Requirements}{subsection.4.2}% 27
\BOOKMARK [2][-]{subsection.4.3}{User Input}{section.4}% 28
\BOOKMARK [3][-]{subsubsection.4.3.1}{Description and Priority}{subsection.4.3}% 29
\BOOKMARK [3][-]{subsubsection.4.3.2}{Stimulus/Response Sequences}{subsection.4.3}% 30
\BOOKMARK [3][-]{subsubsection.4.3.3}{Functional Requirements}{subsection.4.3}% 31
\BOOKMARK [2][-]{subsection.4.4}{Game Levels}{section.4}% 32
\BOOKMARK [3][-]{subsubsection.4.4.1}{Description and Priority}{subsection.4.4}% 33
\BOOKMARK [3][-]{subsubsection.4.4.2}{Stimulus/Response Sequences}{subsection.4.4}% 34
\BOOKMARK [3][-]{subsubsection.4.4.3}{Functional Requirements}{subsection.4.4}% 35
\BOOKMARK [2][-]{subsection.4.5}{Actors}{section.4}% 36
\BOOKMARK [3][-]{subsubsection.4.5.1}{Description and Priority}{subsection.4.5}% 37
\BOOKMARK [3][-]{subsubsection.4.5.2}{Stimulus/Response Sequences}{subsection.4.5}% 38
\BOOKMARK [3][-]{subsubsection.4.5.3}{Functional Requirements}{subsection.4.5}% 39
\BOOKMARK [2][-]{subsection.4.6}{Multi-Threaded I/O}{section.4}% 40
\BOOKMARK [3][-]{subsubsection.4.6.1}{Description and Priority}{subsection.4.6}% 41
\BOOKMARK [3][-]{subsubsection.4.6.2}{Stimulus/Response Sequences}{subsection.4.6}% 42
\BOOKMARK [3][-]{subsubsection.4.6.3}{Functional Requirements}{subsection.4.6}% 43
\BOOKMARK [2][-]{subsection.4.7}{Error Handling}{section.4}% 44
\BOOKMARK [3][-]{subsubsection.4.7.1}{Description and Priority}{subsection.4.7}% 45
\BOOKMARK [3][-]{subsubsection.4.7.2}{Stimulus/Response Sequences}{subsection.4.7}% 46
\BOOKMARK [3][-]{subsubsection.4.7.3}{Functional Requirements}{subsection.4.7}% 47
\BOOKMARK [2][-]{subsection.4.8}{Loading and Saving Progress}{section.4}% 48
\BOOKMARK [3][-]{subsubsection.4.8.1}{Description and Priority}{subsection.4.8}% 49
\BOOKMARK [3][-]{subsubsection.4.8.2}{Stimulus/Response Sequences}{subsection.4.8}% 50
\BOOKMARK [3][-]{subsubsection.4.8.3}{Functional Requirements}{subsection.4.8}% 51
\BOOKMARK [1][-]{section.5}{Other Nonfunctional Requirements}{}% 52
\BOOKMARK [2][-]{subsection.5.1}{Performance Requirements}{section.5}% 53
\BOOKMARK [2][-]{subsection.5.2}{Safety Requirements}{section.5}% 54
\BOOKMARK [2][-]{subsection.5.3}{Security Requirements}{section.5}% 55
\BOOKMARK [2][-]{subsection.5.4}{Software Quality Attributes}{section.5}% 56
\BOOKMARK [1][-]{section.6}{Other Requirements}{}% 57
\BOOKMARK [2][-]{subsection.6.1}{Re-use Objectives}{section.6}% 58
\BOOKMARK [1][-]{section.7}{Appendix A: Analysis Models}{}% 59
\BOOKMARK [2][-]{subsection.7.1}{General Data Flow Diagram}{section.7}% 60
\BOOKMARK [1][-]{section.8}{Appendix B: Input \046 Output Data Structure Diagrams}{}% 61
\BOOKMARK [2][-]{subsection.8.1}{User Input}{section.8}% 62
\BOOKMARK [2][-]{subsection.8.2}{Level File}{section.8}% 63
\BOOKMARK [2][-]{subsection.8.3}{Error File}{section.8}% 64
\BOOKMARK [2][-]{subsection.8.4}{Save File}{section.8}% 65
